<?xml version="1.0" encoding="UTF-8"?>
<!-- Generated by org.testng.reporters.JUnitReportReporter -->
<testsuite hostname="Guhan2019" failures="0" tests="2" name="Practise.DataProviderLoginScript" time="4.596" errors="0" timestamp="2024-04-08T10:26:30 IST" skipped="0">
  <testcase classname="Practise.DataProviderLoginScript" name="testScript" time="1.850"/>
  <system-out/>
  <testcase classname="Practise.DataProviderLoginScript" name="testScript" time="2.746"/>
  <system-out/>
</testsuite> <!-- Practise.DataProviderLoginScript -->
