<?xml version="1.0" encoding="UTF-8"?>
<!-- Generated by org.testng.reporters.JUnitReportReporter -->
<testsuite hostname="Guhan2019" failures="0" tests="3" name="Practise.DPTest" time="0.010" errors="0" timestamp="2024-04-05T18:03:59 IST" skipped="0">
  <testcase classname="Practise.DPTest" name="data" time="0.001"/>
  <system-out/>
  <testcase classname="Practise.DPTest" name="data" time="0.007"/>
  <system-out/>
  <testcase classname="Practise.DPTest" name="data" time="0.002"/>
  <system-out/>
</testsuite> <!-- Practise.DPTest -->
