<?xml version="1.0" encoding="UTF-8"?>
<!-- Generated by org.testng.reporters.JUnitReportReporter -->
<testsuite hostname="Guhan2019" failures="0" tests="3" name="Practise.DataProviderTestScript" time="0.014" errors="0" timestamp="2024-04-08T09:42:31 IST" skipped="0">
  <testcase classname="Practise.DataProviderTestScript" name="testScript" time="0.011"/>
  <system-out/>
  <testcase classname="Practise.DataProviderTestScript" name="testScript" time="0.002"/>
  <system-out/>
  <testcase classname="Practise.DataProviderTestScript" name="testScript" time="0.001"/>
  <system-out/>
</testsuite> <!-- Practise.DataProviderTestScript -->
