<?xml version="1.0" encoding="UTF-8"?>
<!-- Generated by org.testng.reporters.JUnitReportReporter -->
<testsuite hostname="Guhan2019" failures="0" tests="2" name="Practise.DataProviderPractiseTest" time="0.007" errors="0" timestamp="2024-04-05T18:12:33 IST" skipped="0">
  <testcase classname="Practise.DataProviderPractiseTest" name="getText" time="0.006"/>
  <system-out/>
  <testcase classname="Practise.DataProviderPractiseTest" name="getText" time="0.001"/>
  <system-out/>
</testsuite> <!-- Practise.DataProviderPractiseTest -->
