<?xml version="1.0" encoding="UTF-8"?>
<!-- Generated by org.testng.reporters.JUnitReportReporter -->
<testsuite hostname="Guhan2019" failures="0" tests="3" name="Practise.AnnotationsPractise" time="0.011" errors="0" timestamp="2024-04-08T14:39:59 IST" skipped="0">
  <testcase classname="Practise.AnnotationsPractise" name="TestScript1" time="0.002"/>
  <system-out/>
  <testcase classname="Practise.AnnotationsPractise" name="TestScript2" time="0.002"/>
  <system-out/>
  <testcase classname="Practise.AnnotationsPractise" name="TestScript" time="0.007"/>
  <system-out/>
</testsuite> <!-- Practise.AnnotationsPractise -->
