<?xml version="1.0" encoding="UTF-8"?>
<!-- Generated by org.testng.reporters.JUnitReportReporter -->
<testsuite hostname="Amrutha" failures="0" tests="3" name="TestNG.PractiseTest" time="0.005" errors="0" timestamp="10 Apr 2024 12:51:43 GMT" skipped="0">
  <testcase classname="TestNG.PractiseTest" name="practise3" time="0.002"/>
  <testcase classname="TestNG.PractiseTest" name="practise2" time="0.002"/>
  <testcase classname="TestNG.PractiseTest" name="practise1" time="0.001"/>
</testsuite> <!-- TestNG.PractiseTest -->
