<?xml version="1.0" encoding="UTF-8"?>
<!-- Generated by org.testng.reporters.JUnitReportReporter -->
<testsuite hostname="Amrutha" failures="0" tests="4" name="TestNG.DemoTest" time="0.018" errors="0" timestamp="10 Apr 2024 12:51:43 GMT" skipped="0">
  <testcase classname="TestNG.DemoTest" name="createTest" time="0.003"/>
  <testcase classname="TestNG.DemoTest" name="createTest" time="0.012"/>
  <testcase classname="TestNG.DemoTest" name="editTest" time="0.002"/>
  <testcase classname="TestNG.DemoTest" name="editTest" time="0.001"/>
</testsuite> <!-- TestNG.DemoTest -->
