<?xml version="1.0" encoding="UTF-8"?>
<!-- Generated by org.testng.reporters.JUnitReportReporter -->
<testsuite hostname="Guhan2019" failures="0" tests="1" name="mYfirstProject.PassParameterThroughRunCongigurationTest" time="4.063" errors="0" timestamp="2024-03-28T17:19:05 IST" skipped="0">
  <testcase classname="mYfirstProject.PassParameterThroughRunCongigurationTest" name="ReadParameter" time="4.063"/>
  <system-out/>
</testsuite> <!-- mYfirstProject.PassParameterThroughRunCongigurationTest -->
