<?xml version="1.0" encoding="UTF-8"?>
<!-- Generated by org.testng.reporters.JUnitReportReporter -->
<testsuite hostname="Amrutha" failures="0" tests="1" name="Practise.MyntraAssignment" time="147.701" errors="0" timestamp="12 Apr 2024 11:54:21 GMT" skipped="0">
  <testcase classname="Practise.MyntraAssignment" name="myntra" time="147.701"/>
</testsuite> <!-- Practise.MyntraAssignment -->
