<?xml version="1.0" encoding="UTF-8"?>
<!-- Generated by org.testng.reporters.JUnitReportReporter -->
<testsuite hostname="Amrutha" failures="0" tests="4" name="TestNG.SampleTest" time="0.016" errors="0" timestamp="10 Apr 2024 12:51:43 GMT" skipped="0">
  <testcase classname="TestNG.SampleTest" name="test1" time="0.012"/>
  <testcase classname="TestNG.SampleTest" name="test2" time="0.001"/>
  <testcase classname="TestNG.SampleTest" name="test2" time="0.002"/>
  <testcase classname="TestNG.SampleTest" name="test1" time="0.001"/>
</testsuite> <!-- TestNG.SampleTest -->
