<?xml version="1.0" encoding="UTF-8"?>
<!-- Generated by org.testng.reporters.JUnitReportReporter -->
<testsuite hostname="Guhan2019" failures="0" tests="3" name="Practise.DataProviderTest" time="0.009" errors="0" timestamp="2024-04-05T18:02:37 IST" skipped="0">
  <testcase classname="Practise.DataProviderTest" name="getData" time="0.007"/>
  <system-out/>
  <testcase classname="Practise.DataProviderTest" name="getData" time="0.001"/>
  <system-out/>
  <testcase classname="Practise.DataProviderTest" name="getData" time="0.001"/>
  <system-out/>
</testsuite> <!-- Practise.DataProviderTest -->
