<?xml version="1.0" encoding="UTF-8"?>
<!-- Generated by org.testng.reporters.JUnitReportReporter -->
<testsuite hostname="Guhan2019" failures="0" tests="4" name="Practise.SampleTestNgTest" time="0.015" errors="0" timestamp="2024-04-05T16:32:58 IST" skipped="0">
  <testcase classname="Practise.SampleTestNgTest" name="create" time="0.010"/>
  <system-out>
    <![CDATA[Hi Welcome]]>
  </system-out>
  <testcase classname="Practise.SampleTestNgTest" name="delete" time="0.001"/>
  <system-out/>
  <testcase classname="Practise.SampleTestNgTest" name="edit" time="0.002"/>
  <system-out>
    <![CDATA[--Hi Bye--]]>
  </system-out>
  <testcase classname="Practise.SampleTestNgTest" name="edit" time="0.002"/>
  <system-out>
    <![CDATA[--Hi Bye--]]>
  </system-out>
</testsuite> <!-- Practise.SampleTestNgTest -->
