<?xml version="1.0" encoding="UTF-8"?>
<!-- Generated by org.testng.reporters.JUnitReportReporter -->
<testsuite hostname="Amrutha" failures="0" tests="1" name="AssertionsPractise.HardAssert" time="0.009" errors="0" timestamp="12 Apr 2024 05:57:37 GMT" skipped="0">
  <testcase classname="AssertionsPractise.HardAssert" name="DemoTest" time="0.009"/>
</testsuite> <!-- AssertionsPractise.HardAssert -->
